<?xml version="1.0" encoding="UTF-8"?><testsuite errors="1" failures="0" name="testgroup.meeting.controller.MeetingRestControllerTest" skipped="0" tests="1" time="1.37" timestamp="2020-04-97 03:59:30"><testcase classname="testgroup.meeting.controller.MeetingRestControllerTest" name="Verify that we can add meeting"><error message="failed to access class net.serenitybdd.rest.decorators.request.RequestSpecificationInitialisation from class net.serenitybdd.rest.decorators.request.RequestSpecificationDecorated$ByteBuddy$xqLWQEoN (net.serenitybdd.rest.decorators.request.RequestSpecificationInitialisation is in unnamed module of loader 'app'; net.serenitybdd.rest.decorators.request.RequestSpecificationDecorated$ByteBuddy$xqLWQEoN is in unnamed module of loader net.bytebuddy.dynamic.loading.ByteArrayClassLoader @28237492)" type="java.lang.IllegalAccessError">failed to access class net.serenitybdd.rest.decorators.request.RequestSpecificationInitialisation from class net.serenitybdd.rest.decorators.request.RequestSpecificationDecorated$ByteBuddy$xqLWQEoN (net.serenitybdd.rest.decorators.request.RequestSpecificationInitialisation is in unnamed module of loader 'app'; net.serenitybdd.rest.decorators.request.RequestSpecificationDecorated$ByteBuddy$xqLWQEoN is in unnamed module of loader net.bytebuddy.dynamic.loading.ByteArrayClassLoader @28237492)</error><system-err>failed to access class net.serenitybdd.rest.decorators.request.RequestSpecificationInitialisation from class net.serenitybdd.rest.decorators.request.RequestSpecificationDecorated$ByteBuddy$xqLWQEoN (net.serenitybdd.rest.decorators.request.RequestSpecificationInitialisation is in unnamed module of loader 'app'; net.serenitybdd.rest.decorators.request.RequestSpecificationDecorated$ByteBuddy$xqLWQEoN is in unnamed module of loader net.bytebuddy.dynamic.loading.ByteArrayClassLoader @28237492)&#13;
net.serenitybdd.rest.utils.RestSpecificationFactory.getInstrumentedRequestSpecification(RestSpecificationFactory.java:107)&#13;
net.serenitybdd.rest.utils.RestDecorationHelper.decorate(RestDecorationHelper.java:20)&#13;
net.serenitybdd.rest.SerenityRest.given(SerenityRest.java:212)&#13;
testgroup.meeting.steps.MeetingRestControllerSteps.whenIAddMeeting(MeetingRestControllerSteps.java:60)&#13;
testgroup.meeting.controller.MeetingRestControllerTest.verifyThatWeCanAddMeeting(MeetingRestControllerTest.java:27)&#13;
java.base/jdk.internal.reflect.NativeMethodAccessorImpl.invoke0(Native Method)&#13;
java.base/jdk.internal.reflect.NativeMethodAccessorImpl.invoke(NativeMethodAccessorImpl.java:62)&#13;
java.base/jdk.internal.reflect.DelegatingMethodAccessorImpl.invoke(DelegatingMethodAccessorImpl.java:43)&#13;
</system-err></testcase></testsuite>